{"C:\\Users\\user\\Documents\\React\\administrador_productos-workspace\\rest_api_node_ts_server\\src\\router.ts": {"path":"C:\\Users\\user\\Documents\\React\\administrador_productos-workspace\\rest_api_node_ts_server\\src\\router.ts","statementMap":{"0":{"start":{"line":1,"column":0},"end":{"line":1,"column":33}},"1":{"start":{"line":2,"column":0},"end":{"line":2,"column":48}},"2":{"start":{"line":3,"column":0},"end":{"line":3,"column":130}},"3":{"start":{"line":4,"column":0},"end":{"line":4,"column":49}},"4":{"start":{"line":6,"column":15},"end":{"line":6,"column":23}},"5":{"start":{"line":8,"column":0},"end":{"line":19,"column":null}},"6":{"start":{"line":16,"column":21},"end":{"line":16,"column":30}},"7":{"start":{"line":21,"column":0},"end":{"line":25,"column":null}},"8":{"start":{"line":27,"column":0},"end":{"line":33,"column":null}},"9":{"start":{"line":35,"column":0},"end":{"line":49,"column":null}},"10":{"start":{"line":44,"column":21},"end":{"line":44,"column":30}},"11":{"start":{"line":51,"column":0},"end":{"line":56,"column":null}},"12":{"start":{"line":58,"column":0},"end":{"line":63,"column":null}},"13":{"start":{"line":66,"column":0},"end":{"line":66,"column":22}}},"fnMap":{"0":{"name":"(anonymous_0)","decl":{"start":{"line":16,"column":12},"end":{"line":16,"column":17}},"loc":{"start":{"line":16,"column":21},"end":{"line":16,"column":30}}},"1":{"name":"(anonymous_1)","decl":{"start":{"line":44,"column":12},"end":{"line":44,"column":17}},"loc":{"start":{"line":44,"column":21},"end":{"line":44,"column":30}}}},"branchMap":{},"s":{"0":2,"1":2,"2":2,"3":2,"4":2,"5":2,"6":4,"7":2,"8":2,"9":2,"10":5,"11":2,"12":2,"13":2},"f":{"0":4,"1":5},"b":{}}
,"C:\\Users\\user\\Documents\\React\\administrador_productos-workspace\\rest_api_node_ts_server\\src\\server.ts": {"path":"C:\\Users\\user\\Documents\\React\\administrador_productos-workspace\\rest_api_node_ts_server\\src\\server.ts","statementMap":{"0":{"start":{"line":1,"column":0},"end":{"line":1,"column":30}},"1":{"start":{"line":2,"column":0},"end":{"line":2,"column":27}},"2":{"start":{"line":3,"column":0},"end":{"line":3,"column":30}},"3":{"start":{"line":4,"column":0},"end":{"line":4,"column":29}},"4":{"start":{"line":6,"column":15},"end":{"line":6,"column":24}},"5":{"start":{"line":12,"column":2},"end":{"line":20,"column":3}},"6":{"start":{"line":13,"column":4},"end":{"line":13,"column":null}},"7":{"start":{"line":14,"column":4},"end":{"line":14,"column":null}},"8":{"start":{"line":19,"column":4},"end":{"line":19,"column":77}},"9":{"start":{"line":11,"column":0},"end":{"line":11,"column":7}},"10":{"start":{"line":24,"column":0},"end":{"line":24,"column":null}},"11":{"start":{"line":27,"column":0},"end":{"line":27,"column":null}},"12":{"start":{"line":34,"column":0},"end":{"line":34,"column":null}},"13":{"start":{"line":37,"column":0},"end":{"line":39,"column":null}},"14":{"start":{"line":38,"column":2},"end":{"line":38,"column":null}},"15":{"start":{"line":43,"column":0},"end":{"line":43,"column":null}}},"fnMap":{"0":{"name":"connectDb","decl":{"start":{"line":11,"column":22},"end":{"line":11,"column":31}},"loc":{"start":{"line":11,"column":31},"end":{"line":21,"column":1}}},"1":{"name":"(anonymous_2)","decl":{"start":{"line":37,"column":19},"end":{"line":37,"column":20}},"loc":{"start":{"line":37,"column":32},"end":{"line":39,"column":1}}}},"branchMap":{},"s":{"0":2,"1":2,"2":2,"3":2,"4":2,"5":3,"6":3,"7":2,"8":1,"9":2,"10":2,"11":2,"12":2,"13":2,"14":1,"15":2},"f":{"0":3,"1":1},"b":{}}
,"C:\\Users\\user\\Documents\\React\\administrador_productos-workspace\\rest_api_node_ts_server\\src\\config\\db.ts": {"path":"C:\\Users\\user\\Documents\\React\\administrador_productos-workspace\\rest_api_node_ts_server\\src\\config\\db.ts","statementMap":{"0":{"start":{"line":1,"column":0},"end":{"line":1,"column":48}},"1":{"start":{"line":2,"column":0},"end":{"line":2,"column":27}},"2":{"start":{"line":4,"column":0},"end":{"line":4,"column":null}},"3":{"start":{"line":6,"column":11},"end":{"line":9,"column":2}},"4":{"start":{"line":11,"column":0},"end":{"line":11,"column":18}}},"fnMap":{},"branchMap":{},"s":{"0":2,"1":2,"2":2,"3":2,"4":2},"f":{},"b":{}}
,"C:\\Users\\user\\Documents\\React\\administrador_productos-workspace\\rest_api_node_ts_server\\src\\handlers\\product.ts": {"path":"C:\\Users\\user\\Documents\\React\\administrador_productos-workspace\\rest_api_node_ts_server\\src\\handlers\\product.ts","statementMap":{"0":{"start":{"line":3,"column":0},"end":{"line":3,"column":46}},"1":{"start":{"line":6,"column":27},"end":{"line":6,"column":57}},"2":{"start":{"line":7,"column":2},"end":{"line":7,"column":null}},"3":{"start":{"line":5,"column":0},"end":{"line":5,"column":7}},"4":{"start":{"line":11,"column":30},"end":{"line":13,"column":4}},"5":{"start":{"line":14,"column":2},"end":{"line":14,"column":null}},"6":{"start":{"line":10,"column":0},"end":{"line":10,"column":7}},"7":{"start":{"line":18,"column":17},"end":{"line":18,"column":27}},"8":{"start":{"line":19,"column":27},"end":{"line":19,"column":53}},"9":{"start":{"line":20,"column":2},"end":{"line":24,"column":3}},"10":{"start":{"line":21,"column":4},"end":{"line":23,"column":null}},"11":{"start":{"line":25,"column":2},"end":{"line":25,"column":null}},"12":{"start":{"line":17,"column":0},"end":{"line":17,"column":7}},"13":{"start":{"line":29,"column":17},"end":{"line":29,"column":27}},"14":{"start":{"line":30,"column":27},"end":{"line":30,"column":53}},"15":{"start":{"line":31,"column":2},"end":{"line":35,"column":3}},"16":{"start":{"line":32,"column":4},"end":{"line":34,"column":null}},"17":{"start":{"line":37,"column":2},"end":{"line":37,"column":null}},"18":{"start":{"line":38,"column":2},"end":{"line":38,"column":null}},"19":{"start":{"line":40,"column":2},"end":{"line":40,"column":null}},"20":{"start":{"line":28,"column":0},"end":{"line":28,"column":7}},"21":{"start":{"line":44,"column":17},"end":{"line":44,"column":27}},"22":{"start":{"line":45,"column":27},"end":{"line":45,"column":53}},"23":{"start":{"line":47,"column":2},"end":{"line":51,"column":3}},"24":{"start":{"line":48,"column":4},"end":{"line":50,"column":null}},"25":{"start":{"line":53,"column":2},"end":{"line":53,"column":null}},"26":{"start":{"line":54,"column":2},"end":{"line":54,"column":null}},"27":{"start":{"line":55,"column":2},"end":{"line":55,"column":null}},"28":{"start":{"line":43,"column":0},"end":{"line":43,"column":7}},"29":{"start":{"line":59,"column":17},"end":{"line":59,"column":27}},"30":{"start":{"line":60,"column":18},"end":{"line":60,"column":44}},"31":{"start":{"line":62,"column":2},"end":{"line":66,"column":3}},"32":{"start":{"line":63,"column":4},"end":{"line":65,"column":null}},"33":{"start":{"line":68,"column":2},"end":{"line":68,"column":null}},"34":{"start":{"line":69,"column":2},"end":{"line":69,"column":null}},"35":{"start":{"line":58,"column":0},"end":{"line":58,"column":7}}},"fnMap":{"0":{"name":"createProduct","decl":{"start":{"line":5,"column":22},"end":{"line":5,"column":35}},"loc":{"start":{"line":5,"column":63},"end":{"line":8,"column":1}}},"1":{"name":"getProducts","decl":{"start":{"line":10,"column":22},"end":{"line":10,"column":33}},"loc":{"start":{"line":10,"column":61},"end":{"line":15,"column":1}}},"2":{"name":"getProductById","decl":{"start":{"line":17,"column":22},"end":{"line":17,"column":36}},"loc":{"start":{"line":17,"column":64},"end":{"line":26,"column":1}}},"3":{"name":"updateProduct","decl":{"start":{"line":28,"column":22},"end":{"line":28,"column":35}},"loc":{"start":{"line":28,"column":63},"end":{"line":41,"column":1}}},"4":{"name":"updateAvailability","decl":{"start":{"line":43,"column":22},"end":{"line":43,"column":40}},"loc":{"start":{"line":43,"column":68},"end":{"line":56,"column":1}}},"5":{"name":"deleteProduct","decl":{"start":{"line":58,"column":22},"end":{"line":58,"column":35}},"loc":{"start":{"line":58,"column":63},"end":{"line":70,"column":1}}}},"branchMap":{"0":{"loc":{"start":{"line":20,"column":2},"end":{"line":24,"column":3}},"type":"if","locations":[{"start":{"line":20,"column":2},"end":{"line":24,"column":3}}]},"1":{"loc":{"start":{"line":31,"column":2},"end":{"line":35,"column":3}},"type":"if","locations":[{"start":{"line":31,"column":2},"end":{"line":35,"column":3}}]},"2":{"loc":{"start":{"line":47,"column":2},"end":{"line":51,"column":3}},"type":"if","locations":[{"start":{"line":47,"column":2},"end":{"line":51,"column":3}}]},"3":{"loc":{"start":{"line":62,"column":2},"end":{"line":66,"column":3}},"type":"if","locations":[{"start":{"line":62,"column":2},"end":{"line":66,"column":3}}]}},"s":{"0":2,"1":1,"2":1,"3":2,"4":2,"5":2,"6":2,"7":2,"8":2,"9":2,"10":1,"11":1,"12":2,"13":2,"14":2,"15":2,"16":1,"17":1,"18":1,"19":1,"20":2,"21":2,"22":2,"23":2,"24":1,"25":1,"26":1,"27":1,"28":2,"29":2,"30":2,"31":2,"32":1,"33":1,"34":1,"35":2},"f":{"0":1,"1":2,"2":2,"3":2,"4":2,"5":2},"b":{"0":[1],"1":[1],"2":[1],"3":[1]}}
,"C:\\Users\\user\\Documents\\React\\administrador_productos-workspace\\rest_api_node_ts_server\\src\\middlewares\\index.ts": {"path":"C:\\Users\\user\\Documents\\React\\administrador_productos-workspace\\rest_api_node_ts_server\\src\\middlewares\\index.ts","statementMap":{"0":{"start":{"line":2,"column":0},"end":{"line":2,"column":52}},"1":{"start":{"line":5,"column":15},"end":{"line":5,"column":36}},"2":{"start":{"line":7,"column":2},"end":{"line":9,"column":3}},"3":{"start":{"line":8,"column":4},"end":{"line":8,"column":null}},"4":{"start":{"line":10,"column":2},"end":{"line":10,"column":null}},"5":{"start":{"line":4,"column":0},"end":{"line":4,"column":16}}},"fnMap":{"0":{"name":"handleInputError","decl":{"start":{"line":4,"column":16},"end":{"line":4,"column":32}},"loc":{"start":{"line":4,"column":80},"end":{"line":11,"column":1}}}},"branchMap":{"0":{"loc":{"start":{"line":7,"column":2},"end":{"line":9,"column":3}},"type":"if","locations":[{"start":{"line":7,"column":2},"end":{"line":9,"column":3}}]}},"s":{"0":2,"1":19,"2":19,"3":8,"4":11,"5":2},"f":{"0":19},"b":{"0":[8]}}
,"C:\\Users\\user\\Documents\\React\\administrador_productos-workspace\\rest_api_node_ts_server\\src\\models\\Product.model.ts": {"path":"C:\\Users\\user\\Documents\\React\\administrador_productos-workspace\\rest_api_node_ts_server\\src\\models\\Product.model.ts","statementMap":{"0":{"start":{"line":1,"column":0},"end":{"line":1,"column":78}},"1":{"start":{"line":7,"column":0},"end":{"line":23,"column":null}},"2":{"start":{"line":11,"column":17},"end":{"line":11,"column":null}},"3":{"start":{"line":16,"column":17},"end":{"line":16,"column":null}},"4":{"start":{"line":22,"column":17},"end":{"line":22,"column":null}},"5":{"start":{"line":7,"column":6},"end":{"line":23,"column":null}},"6":{"start":{"line":25,"column":0},"end":{"line":25,"column":null}}},"fnMap":{},"branchMap":{},"s":{"0":3,"1":3,"2":3,"3":3,"4":3,"5":3,"6":3},"f":{},"b":{}}
}
