TN:
SF:src\router.ts
FN:16,(anonymous_0)
FN:44,(anonymous_1)
FNF:2
FNH:2
FNDA:4,(anonymous_0)
FNDA:5,(anonymous_1)
DA:1,2
DA:2,2
DA:3,2
DA:4,2
DA:6,2
DA:8,2
DA:16,4
DA:21,2
DA:27,2
DA:35,2
DA:44,5
DA:51,2
DA:58,2
DA:66,2
LF:14
LH:14
BRF:0
BRH:0
end_of_record
TN:
SF:src\server.ts
FN:11,connectDb
FN:37,(anonymous_2)
FNF:2
FNH:2
FNDA:3,connectDb
FNDA:1,(anonymous_2)
DA:1,2
DA:2,2
DA:3,2
DA:4,2
DA:6,2
DA:11,2
DA:12,3
DA:13,3
DA:14,2
DA:19,1
DA:24,2
DA:27,2
DA:34,2
DA:37,2
DA:38,1
DA:43,2
LF:16
LH:16
BRF:0
BRH:0
end_of_record
TN:
SF:src\config\db.ts
FNF:0
FNH:0
DA:1,2
DA:2,2
DA:4,2
DA:6,2
DA:11,2
LF:5
LH:5
BRF:0
BRH:0
end_of_record
TN:
SF:src\handlers\product.ts
FN:5,createProduct
FN:10,getProducts
FN:17,getProductById
FN:28,updateProduct
FN:43,updateAvailability
FN:58,deleteProduct
FNF:6
FNH:6
FNDA:1,createProduct
FNDA:2,getProducts
FNDA:2,getProductById
FNDA:2,updateProduct
FNDA:2,updateAvailability
FNDA:2,deleteProduct
DA:3,2
DA:5,2
DA:6,1
DA:7,1
DA:10,2
DA:11,2
DA:14,2
DA:17,2
DA:18,2
DA:19,2
DA:20,2
DA:21,1
DA:25,1
DA:28,2
DA:29,2
DA:30,2
DA:31,2
DA:32,1
DA:37,1
DA:38,1
DA:40,1
DA:43,2
DA:44,2
DA:45,2
DA:47,2
DA:48,1
DA:53,1
DA:54,1
DA:55,1
DA:58,2
DA:59,2
DA:60,2
DA:62,2
DA:63,1
DA:68,1
DA:69,1
LF:36
LH:36
BRDA:20,0,0,1
BRDA:31,1,0,1
BRDA:47,2,0,1
BRDA:62,3,0,1
BRF:4
BRH:4
end_of_record
TN:
SF:src\middlewares\index.ts
FN:4,handleInputError
FNF:1
FNH:1
FNDA:19,handleInputError
DA:2,2
DA:4,2
DA:5,19
DA:7,19
DA:8,8
DA:10,11
LF:6
LH:6
BRDA:7,0,0,8
BRF:1
BRH:1
end_of_record
TN:
SF:src\models\Product.model.ts
FNF:0
FNH:0
DA:1,3
DA:7,3
DA:11,3
DA:16,3
DA:22,3
DA:25,3
LF:6
LH:6
BRF:0
BRH:0
end_of_record
